  ActivitateRepo.cpp
C:\Users\marco\Desktop\OOP\lab8-9\Project1\ActivitateRepo.h(98,33): warning C4566: character represented by universal-character-name '\u0103' cannot be represented in the current code page (1252)
  (compiling source file 'ActivitateRepo.cpp')
  
C:\Users\marco\Desktop\OOP\lab8-9\Project1\ActivitateRepo.h(109,33): warning C4566: character represented by universal-character-name '\u0103' cannot be represented in the current code page (1252)
  (compiling source file 'ActivitateRepo.cpp')
  
C:\Users\marco\Desktop\OOP\lab8-9\Project1\ActivitateRepo.h(120,33): warning C4566: character represented by universal-character-name '\u0103' cannot be represented in the current code page (1252)
  (compiling source file 'ActivitateRepo.cpp')
  
C:\Users\marco\Desktop\OOP\lab8-9\Project1\ActivitateRepo.cpp(13,20): warning C4244: 'return': conversion from '__int64' to 'int', possible loss of data
C:\Users\marco\Desktop\OOP\lab8-9\Project1\ActivitateRepo.cpp(20,33): warning C4101: 'e': unreferenced local variable
  ActivitateService.cpp
C:\Users\marco\Desktop\OOP\lab8-9\Project1\ActivitateRepo.h(98,33): warning C4566: character represented by universal-character-name '\u0103' cannot be represented in the current code page (1252)
  (compiling source file 'ActivitateService.cpp')
  
C:\Users\marco\Desktop\OOP\lab8-9\Project1\ActivitateRepo.h(109,33): warning C4566: character represented by universal-character-name '\u0103' cannot be represented in the current code page (1252)
  (compiling source file 'ActivitateService.cpp')
  
C:\Users\marco\Desktop\OOP\lab8-9\Project1\ActivitateRepo.h(120,33): warning C4566: character represented by universal-character-name '\u0103' cannot be represented in the current code page (1252)
  (compiling source file 'ActivitateService.cpp')
  
C:\Users\marco\Desktop\OOP\lab8-9\Project1\ActivitateService.cpp(45,15): warning C4566: character represented by universal-character-name '\u0219' cannot be represented in the current code page (1252)
C:\Users\marco\Desktop\OOP\lab8-9\Project1\ActivitateService.cpp(45,15): warning C4566: character represented by universal-character-name '\u0103' cannot be represented in the current code page (1252)
C:\Users\marco\Desktop\OOP\lab8-9\Project1\ActivitateService.cpp(45,15): warning C4566: character represented by universal-character-name '\u021B' cannot be represented in the current code page (1252)
C:\Users\marco\Desktop\OOP\lab8-9\Project1\ActivitateService.cpp(46,15): warning C4566: character represented by universal-character-name '\u0219' cannot be represented in the current code page (1252)
C:\Users\marco\Desktop\OOP\lab8-9\Project1\ActivitateService.cpp(46,15): warning C4566: character represented by universal-character-name '\u0103' cannot be represented in the current code page (1252)
C:\Users\marco\Desktop\OOP\lab8-9\Project1\ActivitateService.cpp(46,15): warning C4566: character represented by universal-character-name '\u021B' cannot be represented in the current code page (1252)
  UI.cpp
C:\Users\marco\Desktop\OOP\lab8-9\Project1\ActivitateRepo.h(98,33): warning C4566: character represented by universal-character-name '\u0103' cannot be represented in the current code page (1252)
  (compiling source file 'UI.cpp')
  
C:\Users\marco\Desktop\OOP\lab8-9\Project1\ActivitateRepo.h(109,33): warning C4566: character represented by universal-character-name '\u0103' cannot be represented in the current code page (1252)
  (compiling source file 'UI.cpp')
  
C:\Users\marco\Desktop\OOP\lab8-9\Project1\ActivitateRepo.h(120,33): warning C4566: character represented by universal-character-name '\u0103' cannot be represented in the current code page (1252)
  (compiling source file 'UI.cpp')
  
  main.cpp
C:\Users\marco\Desktop\OOP\lab8-9\Project1\ActivitateRepo.h(98,33): warning C4566: character represented by universal-character-name '\u0103' cannot be represented in the current code page (1252)
  (compiling source file 'main.cpp')
  
C:\Users\marco\Desktop\OOP\lab8-9\Project1\ActivitateRepo.h(109,33): warning C4566: character represented by universal-character-name '\u0103' cannot be represented in the current code page (1252)
  (compiling source file 'main.cpp')
  
C:\Users\marco\Desktop\OOP\lab8-9\Project1\ActivitateRepo.h(120,33): warning C4566: character represented by universal-character-name '\u0103' cannot be represented in the current code page (1252)
  (compiling source file 'main.cpp')
  
  teste.cpp
C:\Users\marco\Desktop\OOP\lab8-9\Project1\ActivitateRepo.h(98,33): warning C4566: character represented by universal-character-name '\u0103' cannot be represented in the current code page (1252)
  (compiling source file 'teste.cpp')
  
C:\Users\marco\Desktop\OOP\lab8-9\Project1\ActivitateRepo.h(109,33): warning C4566: character represented by universal-character-name '\u0103' cannot be represented in the current code page (1252)
  (compiling source file 'teste.cpp')
  
C:\Users\marco\Desktop\OOP\lab8-9\Project1\ActivitateRepo.h(120,33): warning C4566: character represented by universal-character-name '\u0103' cannot be represented in the current code page (1252)
  (compiling source file 'teste.cpp')
  
C:\Users\marco\Desktop\OOP\lab8-9\Project1\teste.cpp(393,5): warning C4566: character represented by universal-character-name '\u0219' cannot be represented in the current code page (1252)
C:\Users\marco\Desktop\OOP\lab8-9\Project1\teste.cpp(393,5): warning C4566: character represented by universal-character-name '\u0103' cannot be represented in the current code page (1252)
C:\Users\marco\Desktop\OOP\lab8-9\Project1\teste.cpp(393,5): warning C4566: character represented by universal-character-name '\u021B' cannot be represented in the current code page (1252)
C:\Users\marco\Desktop\OOP\lab8-9\Project1\teste.cpp(409,5): warning C4566: character represented by universal-character-name '\u0219' cannot be represented in the current code page (1252)
C:\Users\marco\Desktop\OOP\lab8-9\Project1\teste.cpp(409,5): warning C4566: character represented by universal-character-name '\u0103' cannot be represented in the current code page (1252)
C:\Users\marco\Desktop\OOP\lab8-9\Project1\teste.cpp(409,5): warning C4566: character represented by universal-character-name '\u021B' cannot be represented in the current code page (1252)
  Generating Code...
  Project1.vcxproj -> C:\Users\marco\Desktop\OOP\lab8-9\Project1\x64\Debug\Project1.exe
